<?xml version="1.0" encoding="UTF-8"?>
<!-- Generated by org.testng.reporters.JUnitReportReporter -->
<testsuite hostname="DESKTOP-BE44JJP" failures="0" tests="14" name="org.nibejpi.pro.app.testcases.AboutSectionTest" time="1205.917" errors="2" timestamp="2024-03-05T18:30:25 IST" skipped="0">
  <testcase classname="org.nibejpi.pro.app.testcases.AboutSectionTest" name="verifyUIofAboutAtLoginScreen" time="6.867"/>
  <system-out/>
  <testcase classname="org.nibejpi.pro.app.testcases.AboutSectionTest" name="verifyUIofAboutAtLoginScreenForDifferentLanguages" time="176.159"/>
  <system-out/>
  <testcase classname="org.nibejpi.pro.app.testcases.AboutSectionTest" name="verifyNavigationAndContentOfTOSAccountBeforeLogin" time="37.203"/>
  <system-out/>
  <testcase classname="org.nibejpi.pro.app.testcases.AboutSectionTest" name="verifyNavigationAndContentOfPPAccount" time="25.041"/>
  <system-out/>
  <testcase classname="org.nibejpi.pro.app.testcases.AboutSectionTest" name="verifyNavigationAndContentOfTOSOrg" time="44.645"/>
  <system-out/>
  <testcase classname="org.nibejpi.pro.app.testcases.AboutSectionTest" name="verifyNavigationAndContentOfOpenSourceLicenses" time="60.958"/>
  <system-out/>
  <testcase classname="org.nibejpi.pro.app.testcases.AboutSectionTest" name="verifyLocalizationSupportForTOS_PP_OpenSrcLicenses" time="295.141"/>
  <system-out/>
  <testcase classname="org.nibejpi.pro.app.testcases.AboutSectionTest" name="verifyUIofAboutSectionAfterLogin" time="93.524"/>
  <system-out/>
  <testcase classname="org.nibejpi.pro.app.testcases.AboutSectionTest" name="verifyNavigationAndContentOfTOSAccountAfterLogin" time="31.504"/>
  <system-out/>
  <testcase classname="org.nibejpi.pro.app.testcases.AboutSectionTest" name="verifyNavigationAndContentOfPPAccountAfterLogin" time="21.126"/>
  <system-out/>
  <testcase classname="org.nibejpi.pro.app.testcases.AboutSectionTest" name="verifyNavigationAndContentOfTOSOrgAfterLogin" time="88.562">
    <error message="Expected condition failed: waiting for visibility of Located by By.chained({By.xpath: /hierarchy/android.widget.FrameLayout/android.widget.LinearLayout/android.widget.FrameLayout/android.widget.LinearLayout/android.widget.FrameLayout/android.view.ViewGroup/android.webkit.WebView/android.webkit.WebView/android.view.View/android.view.View/android.widget.TextView[5]}) (tried for 15 second(s) with 500 milliseconds interval)" type="org.openqa.selenium.TimeoutException">
      <![CDATA[org.openqa.selenium.TimeoutException: Expected condition failed: waiting for visibility of Located by By.chained({By.xpath: /hierarchy/android.widget.FrameLayout/android.widget.LinearLayout/android.widget.FrameLayout/android.widget.LinearLayout/android.widget.FrameLayout/android.view.ViewGroup/android.webkit.WebView/android.webkit.WebView/android.view.View/android.view.View/android.widget.TextView[5]}) (tried for 15 second(s) with 500 milliseconds interval)
at org.openqa.selenium.support.ui.WebDriverWait.timeoutException(WebDriverWait.java:84)
at org.openqa.selenium.support.ui.FluentWait.until(FluentWait.java:228)
at org.nibejpi.app.pageobject.screenaction.ScreenActions.waitForElementToBeVisible(ScreenActions.java:200)
at org.nibejpi.pro.app.auto.pages.about.AboutScreenAfterLogin.lambda$2(AboutScreenAfterLogin.java:126)
at org.nibejpi.app.pageobject.screenaction.ScreenActions.verify(ScreenActions.java:138)
at org.nibejpi.pro.app.auto.pages.about.AboutScreenAfterLogin.verifyNavigationAndContentOfTOSOrg(AboutScreenAfterLogin.java:118)
at org.nibejpi.pro.app.testcases.AboutSectionTest.verifyNavigationAndContentOfTOSOrgAfterLogin(AboutSectionTest.java:276)
at java.base/jdk.internal.reflect.NativeMethodAccessorImpl.invoke0(Native Method)
at java.base/jdk.internal.reflect.NativeMethodAccessorImpl.invoke(NativeMethodAccessorImpl.java:62)
at java.base/jdk.internal.reflect.DelegatingMethodAccessorImpl.invoke(DelegatingMethodAccessorImpl.java:43)
at java.base/java.lang.reflect.Method.invoke(Method.java:566)
at org.testng.internal.invokers.MethodInvocationHelper.invokeMethod(MethodInvocationHelper.java:139)
at org.testng.internal.invokers.TestInvoker.invokeMethod(TestInvoker.java:677)
at org.testng.internal.invokers.TestInvoker.invokeTestMethod(TestInvoker.java:221)
at org.testng.internal.invokers.MethodRunner.runInSequence(MethodRunner.java:50)
at org.testng.internal.invokers.TestInvoker$MethodInvocationAgent.invoke(TestInvoker.java:969)
at org.testng.internal.invokers.TestInvoker.invokeTestMethods(TestInvoker.java:194)
at org.testng.internal.invokers.TestMethodWorker.invokeTestMethods(TestMethodWorker.java:148)
at org.testng.internal.invokers.TestMethodWorker.run(TestMethodWorker.java:128)
at java.base/java.util.ArrayList.forEach(ArrayList.java:1541)
at org.testng.TestRunner.privateRun(TestRunner.java:829)
at org.testng.TestRunner.run(TestRunner.java:602)
at org.testng.SuiteRunner.runTest(SuiteRunner.java:437)
at org.testng.SuiteRunner.runSequentially(SuiteRunner.java:431)
at org.testng.SuiteRunner.privateRun(SuiteRunner.java:391)
at org.testng.SuiteRunner.run(SuiteRunner.java:330)
at org.testng.SuiteRunnerWorker.runSuite(SuiteRunnerWorker.java:52)
at org.testng.SuiteRunnerWorker.run(SuiteRunnerWorker.java:95)
at org.testng.TestNG.runSuitesSequentially(TestNG.java:1256)
at org.testng.TestNG.runSuitesLocally(TestNG.java:1176)
at org.testng.TestNG.runSuites(TestNG.java:1099)
at org.testng.TestNG.run(TestNG.java:1067)
at org.testng.remote.AbstractRemoteTestNG.run(AbstractRemoteTestNG.java:115)
at org.testng.remote.RemoteTestNG.initAndRun(RemoteTestNG.java:251)
at org.testng.remote.RemoteTestNG.main(RemoteTestNG.java:77)
Caused by: org.openqa.selenium.NoSuchElementException: Can't locate an element by this strategy: By.chained({By.xpath: /hierarchy/android.widget.FrameLayout/android.widget.LinearLayout/android.widget.FrameLayout/android.widget.LinearLayout/android.widget.FrameLayout/android.view.ViewGroup/android.webkit.WebView/android.webkit.WebView/android.view.View/android.view.View/android.widget.TextView[5]})
at io.appium.java_client.pagefactory.AppiumElementLocator.findElement(AppiumElementLocator.java:166)
at io.appium.java_client.pagefactory.interceptors.InterceptorOfASingleElement.call(InterceptorOfASingleElement.java:75)
at io.appium.java_client.proxy.Interceptor.intercept(Interceptor.java:78)
at org.openqa.selenium.remote.RemoteWebElement$ByteBuddy$Ggq1K6FI.isDisplayed(Unknown Source)
at org.openqa.selenium.support.ui.ExpectedConditions.elementIfVisible(ExpectedConditions.java:304)
at org.openqa.selenium.support.ui.ExpectedConditions$10.apply(ExpectedConditions.java:290)
at org.openqa.selenium.support.ui.ExpectedConditions$10.apply(ExpectedConditions.java:287)
at org.openqa.selenium.support.ui.FluentWait.until(FluentWait.java:203)
... 33 more
Caused by: org.openqa.selenium.TimeoutException: Expected condition failed: waiting for io.appium.java_client.pagefactory.AppiumElementLocator$WaitingFunction@3ad32e52 (tried for 1 second(s) with 500 milliseconds interval)
at org.openqa.selenium.support.ui.FluentWait.timeoutException(FluentWait.java:265)
at org.openqa.selenium.support.ui.FluentWait.until(FluentWait.java:228)
at io.appium.java_client.pagefactory.AppiumElementLocator.waitFor(AppiumElementLocator.java:135)
at io.appium.java_client.pagefactory.AppiumElementLocator.findElement(AppiumElementLocator.java:160)
... 40 more
Caused by: org.openqa.selenium.NoSuchElementException: Cannot locate an element using By.chained({By.xpath: /hierarchy/android.widget.FrameLayout/android.widget.LinearLayout/android.widget.FrameLayout/android.widget.LinearLayout/android.widget.FrameLayout/android.view.ViewGroup/android.webkit.WebView/android.webkit.WebView/android.view.View/android.view.View/android.widget.TextView[5]})
For documentation on this error, please visit: https://www.selenium.dev/documentation/webdriver/troubleshooting/errors#no-such-element-exception
Build info: version: '4.18.1', revision: 'b1d3319b48'
System info: os.name: 'Windows 11', os.arch: 'amd64', os.version: '10.0', java.version: '11.0.18'
Driver info: driver.version: RemoteWebDriver
at io.appium.java_client.pagefactory.bys.builder.ByChained.findElement(ByChained.java:74)
at org.openqa.selenium.remote.ElementLocation$ElementFinder$1.findElement(ElementLocation.java:139)
at org.openqa.selenium.remote.ElementLocation.findElement(ElementLocation.java:59)
at org.openqa.selenium.remote.RemoteWebDriver.findElement(RemoteWebDriver.java:356)
at org.openqa.selenium.remote.RemoteWebDriver.findElement(RemoteWebDriver.java:350)
at io.appium.java_client.pagefactory.bys.ContentMappedBy.findElement(ContentMappedBy.java:53)
at org.openqa.selenium.remote.ElementLocation$ElementFinder$1.findElement(ElementLocation.java:139)
at org.openqa.selenium.remote.ElementLocation.findElement(ElementLocation.java:59)
at org.openqa.selenium.remote.RemoteWebDriver.findElement(RemoteWebDriver.java:356)
at org.openqa.selenium.remote.RemoteWebDriver.findElement(RemoteWebDriver.java:350)
at io.appium.java_client.pagefactory.AppiumElementLocator.lambda$findElement$1(AppiumElementLocator.java:160)
at io.appium.java_client.pagefactory.AppiumElementLocator$WaitingFunction.apply(AppiumElementLocator.java:217)
at io.appium.java_client.pagefactory.AppiumElementLocator$WaitingFunction.apply(AppiumElementLocator.java:210)
at org.openqa.selenium.support.ui.FluentWait.until(FluentWait.java:203)
... 42 more
]]>
    </error>
  </testcase> <!-- verifyNavigationAndContentOfTOSOrgAfterLogin -->
  <system-out/>
  <testcase classname="org.nibejpi.pro.app.testcases.AboutSectionTest" name="verifyNavigationAndContentOfOpenSourceLicensesAfterLogin" time="58.079"/>
  <system-out/>
  <testcase classname="org.nibejpi.pro.app.testcases.AboutSectionTest" name="verifyUIofAboutSectionAfterLoginForDifferentLanguages" time="148.153"/>
  <system-out/>
  <testcase classname="org.nibejpi.pro.app.testcases.AboutSectionTest" name="verifyLocalizationSupportForTOS_PP_OpenSrcLicensesAfterLogin" time="118.955">
    <error message="The element &#039;By.xpath: //android.widget.TextView[@resource-id = &quot;com.myuplink.pro:id/titleTextView&quot; and @index =&#039;1&#039;]&#039; does not exist in DOM anymore
For documentation on this error, please visit: https://www.selenium.dev/documentation/webdriver/troubleshooting/errors#stale-element-reference-exception
Build info: version: &#039;4.18.1&#039;, revision: &#039;b1d3319b48&#039;
System info: os.name: &#039;Windows 11&#039;, os.arch: &#039;amd64&#039;, os.version: &#039;10.0&#039;, java.version: &#039;11.0.18&#039;
Driver info: io.appium.java_client.android.AndroidDriver
Command: [923777b2-fcb4-40ba-9209-f39936d927aa, getElementAttribute {id=00000000-0000-128d-ffff-ffff000013b8, name=text}]
Capabilities {appium:app: D:\jpi-nibe-pro-app-ui-auto..., appium:appActivity: com.myuplink.pro.representa..., appium:appPackage: com.myuplink.pro, appium:autoGrantPermissions: true, appium:automationName: uiautomator2, appium:databaseEnabled: false, appium:desired: {app: D:\jpi-nibe-pro-app-ui-auto..., appActivity: com.myuplink.pro.representa..., appPackage: com.myuplink.pro, autoGrantPermissions: true, automationName: uiautomator2, deviceName: moto g51 5G, platformName: ANDROID, systemPort: 8201, udid: ZD2223BPDB}, appium:deviceApiLevel: 31, appium:deviceManufacturer: motorola, appium:deviceModel: moto g51 5G, appium:deviceName: ZD2223BPDB, appium:deviceScreenDensity: 400, appium:deviceScreenSize: 1080x2460, appium:deviceUDID: ZD2223BPDB, appium:javascriptEnabled: true, appium:locationContextEnabled: false, appium:networkConnectionEnabled: true, appium:pixelRatio: 2.5, appium:platformVersion: 12, appium:statBarHeight: 115, appium:systemPort: 8201, appium:takesScreenshot: true, appium:udid: ZD2223BPDB, appium:viewportRect: {height: 2345, left: 0, top: 115, width: 1080}, appium:warnings: {}, appium:webStorageEnabled: false, platformName: ANDROID}
Element: [[AndroidDriver:  on ANDROID (923777b2-fcb4-40ba-9209-f39936d927aa)] -&gt; xpath: //android.widget.TextView[@resource-id = &quot;com.myuplink.pro:id/titleTextView&quot; and @index =&#039;1&#039;]]
Session ID: 923777b2-fcb4-40ba-9209-f39936d927aa" type="org.openqa.selenium.StaleElementReferenceException">
      <![CDATA[org.openqa.selenium.StaleElementReferenceException: The element 'By.xpath: //android.widget.TextView[@resource-id = "com.myuplink.pro:id/titleTextView" and @index ='1']' does not exist in DOM anymore
For documentation on this error, please visit: https://www.selenium.dev/documentation/webdriver/troubleshooting/errors#stale-element-reference-exception
Build info: version: '4.18.1', revision: 'b1d3319b48'
System info: os.name: 'Windows 11', os.arch: 'amd64', os.version: '10.0', java.version: '11.0.18'
Driver info: io.appium.java_client.android.AndroidDriver
Command: [923777b2-fcb4-40ba-9209-f39936d927aa, getElementAttribute {id=00000000-0000-128d-ffff-ffff000013b8, name=text}]
Capabilities {appium:app: D:\jpi-nibe-pro-app-ui-auto..., appium:appActivity: com.myuplink.pro.representa..., appium:appPackage: com.myuplink.pro, appium:autoGrantPermissions: true, appium:automationName: uiautomator2, appium:databaseEnabled: false, appium:desired: {app: D:\jpi-nibe-pro-app-ui-auto..., appActivity: com.myuplink.pro.representa..., appPackage: com.myuplink.pro, autoGrantPermissions: true, automationName: uiautomator2, deviceName: moto g51 5G, platformName: ANDROID, systemPort: 8201, udid: ZD2223BPDB}, appium:deviceApiLevel: 31, appium:deviceManufacturer: motorola, appium:deviceModel: moto g51 5G, appium:deviceName: ZD2223BPDB, appium:deviceScreenDensity: 400, appium:deviceScreenSize: 1080x2460, appium:deviceUDID: ZD2223BPDB, appium:javascriptEnabled: true, appium:locationContextEnabled: false, appium:networkConnectionEnabled: true, appium:pixelRatio: 2.5, appium:platformVersion: 12, appium:statBarHeight: 115, appium:systemPort: 8201, appium:takesScreenshot: true, appium:udid: ZD2223BPDB, appium:viewportRect: {height: 2345, left: 0, top: 115, width: 1080}, appium:warnings: {}, appium:webStorageEnabled: false, platformName: ANDROID}
Element: [[AndroidDriver:  on ANDROID (923777b2-fcb4-40ba-9209-f39936d927aa)] -> xpath: //android.widget.TextView[@resource-id = "com.myuplink.pro:id/titleTextView" and @index ='1']]
Session ID: 923777b2-fcb4-40ba-9209-f39936d927aa
at java.base/jdk.internal.reflect.NativeConstructorAccessorImpl.newInstance0(Native Method)
at java.base/jdk.internal.reflect.NativeConstructorAccessorImpl.newInstance(NativeConstructorAccessorImpl.java:62)
at java.base/jdk.internal.reflect.DelegatingConstructorAccessorImpl.newInstance(DelegatingConstructorAccessorImpl.java:45)
at java.base/java.lang.reflect.Constructor.newInstance(Constructor.java:490)
at org.openqa.selenium.remote.ErrorCodec.decode(ErrorCodec.java:167)
at org.openqa.selenium.remote.codec.w3c.W3CHttpResponseCodec.decode(W3CHttpResponseCodec.java:138)
at org.openqa.selenium.remote.codec.w3c.W3CHttpResponseCodec.decode(W3CHttpResponseCodec.java:50)
at org.openqa.selenium.remote.HttpCommandExecutor.execute(HttpCommandExecutor.java:190)
at io.appium.java_client.remote.AppiumCommandExecutor.execute(AppiumCommandExecutor.java:237)
at org.openqa.selenium.remote.RemoteWebDriver.execute(RemoteWebDriver.java:519)
at org.openqa.selenium.remote.RemoteWebElement.execute(RemoteWebElement.java:223)
at org.openqa.selenium.remote.RemoteWebElement.getAttribute(RemoteWebElement.java:149)
at jdk.internal.reflect.GeneratedMethodAccessor28.invoke(Unknown Source)
at java.base/jdk.internal.reflect.DelegatingMethodAccessorImpl.invoke(DelegatingMethodAccessorImpl.java:43)
at java.base/java.lang.reflect.Method.invoke(Method.java:566)
at io.appium.java_client.pagefactory.ElementInterceptor.getObject(ElementInterceptor.java:42)
at io.appium.java_client.pagefactory.interceptors.InterceptorOfASingleElement.call(InterceptorOfASingleElement.java:79)
at io.appium.java_client.proxy.Interceptor.intercept(Interceptor.java:78)
at org.openqa.selenium.remote.RemoteWebElement$ByteBuddy$qNV7bKQM.getAttribute(Unknown Source)
at org.nibejpi.pro.app.auto.pages.about.AboutScreenAfterLogin.verifyLocalizationSupportForSvenskaLanguage(AboutScreenAfterLogin.java:331)
at org.nibejpi.pro.app.testcases.AboutSectionTest.verifyLocalizationSupportForTOS_PP_OpenSrcLicensesAfterLogin(AboutSectionTest.java:390)
at java.base/jdk.internal.reflect.NativeMethodAccessorImpl.invoke0(Native Method)
at java.base/jdk.internal.reflect.NativeMethodAccessorImpl.invoke(NativeMethodAccessorImpl.java:62)
at java.base/jdk.internal.reflect.DelegatingMethodAccessorImpl.invoke(DelegatingMethodAccessorImpl.java:43)
at java.base/java.lang.reflect.Method.invoke(Method.java:566)
at org.testng.internal.invokers.MethodInvocationHelper.invokeMethod(MethodInvocationHelper.java:139)
at org.testng.internal.invokers.TestInvoker.invokeMethod(TestInvoker.java:677)
at org.testng.internal.invokers.TestInvoker.invokeTestMethod(TestInvoker.java:221)
at org.testng.internal.invokers.MethodRunner.runInSequence(MethodRunner.java:50)
at org.testng.internal.invokers.TestInvoker$MethodInvocationAgent.invoke(TestInvoker.java:969)
at org.testng.internal.invokers.TestInvoker.invokeTestMethods(TestInvoker.java:194)
at org.testng.internal.invokers.TestMethodWorker.invokeTestMethods(TestMethodWorker.java:148)
at org.testng.internal.invokers.TestMethodWorker.run(TestMethodWorker.java:128)
at java.base/java.util.ArrayList.forEach(ArrayList.java:1541)
at org.testng.TestRunner.privateRun(TestRunner.java:829)
at org.testng.TestRunner.run(TestRunner.java:602)
at org.testng.SuiteRunner.runTest(SuiteRunner.java:437)
at org.testng.SuiteRunner.runSequentially(SuiteRunner.java:431)
at org.testng.SuiteRunner.privateRun(SuiteRunner.java:391)
at org.testng.SuiteRunner.run(SuiteRunner.java:330)
at org.testng.SuiteRunnerWorker.runSuite(SuiteRunnerWorker.java:52)
at org.testng.SuiteRunnerWorker.run(SuiteRunnerWorker.java:95)
at org.testng.TestNG.runSuitesSequentially(TestNG.java:1256)
at org.testng.TestNG.runSuitesLocally(TestNG.java:1176)
at org.testng.TestNG.runSuites(TestNG.java:1099)
at org.testng.TestNG.run(TestNG.java:1067)
at org.testng.remote.AbstractRemoteTestNG.run(AbstractRemoteTestNG.java:115)
at org.testng.remote.RemoteTestNG.initAndRun(RemoteTestNG.java:251)
at org.testng.remote.RemoteTestNG.main(RemoteTestNG.java:77)
]]>
    </error>
  </testcase> <!-- verifyLocalizationSupportForTOS_PP_OpenSrcLicensesAfterLogin -->
  <system-out/>
</testsuite> <!-- org.nibejpi.pro.app.testcases.AboutSectionTest -->
